Arguments: 
  /usr/local/bin/node /usr/local/bin/yarn

PATH: 
  /Library/Java/JavaVirtualMachines/jdk1.8.0_144.jdk/Contents/Home/bin:/usr/local/bin/python3:./bin:/Users/songjian/bin:/usr/local/sbin:/Users/songjian/.dotfiles/bin:/usr/local/heroku/bin:/Users/songjian/.go/bin:/Library/Frameworks/Python.framework/Versions/3.6/bin:/usr/local/bin:/usr/bin:/bin:/usr/sbin:/sbin:/Users/songjian/.rvm/bin:/Users/songjian/.rvm/bin:/Users/songjian/apache-maven-3.5.0/bin*:/Users/songjian/apache-maven-3.5.0/bin

Yarn version: 
  0.27.5

Node version: 
  6.11.1

Platform: 
  darwin x64

npm manifest: 
  {
    "name": "el-search-table-pagination",
    "version": "0.4.24",
    "description": "A component which combines form、table with pagination components in Element UI. ",
    "main": "./lib/index.js",
    "files": [
      "lib",
      "src",
      "packages"
    ],
    "scripts": {
      "dev": "cross-env NODE_ENV=development webpack --config config/webpack.config.dev.js --progress --watch",
      "build": "npm run build:browser && npm run build:common",
      "build:browser": "cross-env NODE_ENV=production webpack --config config/webpack.config.browser.js --progress --hide-modules",
      "build:common": "cross-env NODE_ENV=production webpack --config config/webpack.config.common.js --progress --hide-modules",
      "prepublish": "npm run build"
     },
    "repository": {
      "type": "git",
      "url": "git+https://github.com/zollero/el-search-table-pagination.git"
    },
    "keywords": [
      "Element UI",
      "UI",
      "Vue",
      "form",
      "table",
      "pagination"
    ],
    "author": "zollero <corona7@163.com>",
    "license": "MIT",
    "bugs": {
      "url": "https://github.com/zollero/el-search-table-pagination/issues"
    },
    "homepage": "https://github.com/zollero/el-search-table-pagination#readme",
  
  
    "dependencies": {
      "element-ui": "^2.0.7",
      "vue": "^2.5.2",
      "axios": "^0.16.2",
      "lodash": "^4.17.4",
      "nestable": "git+ssh://git@github.com/someline/Nestable.git#v0.2.2",
    },
    "devDependencies": {
      "babel-core": "^6.26.0",
      "babel-loader": "^7.1.2",
      "babel-plugin-module-resolver": "^3.0.0",
      "babel-plugin-syntax-jsx": "^6.18.0",
      "babel-plugin-transform-vue-jsx": "^3.5.0",
      "babel-preset-es2015": "^6.24.1",
      "babel-preset-stage-0": "^6.24.1",
      "cross-env": "^3.1.3",
      "eslint": "^3.12.1",
      "eslint-config-standard": "^6.2.1",
      "eslint-loader": "^1.6.1",
      "eslint-plugin-html": "^1.6.0",
      "eslint-plugin-promise": "^3.4.0",
      "eslint-plugin-standard": "^2.0.1",
      "extract-text-webpack-plugin": "^3.0.2",
      "html-webpack-plugin": "^2.30.1",
      "less": "^2.7.1",
      "less-loader": "^2.2.3",
      "css-loader": "^0.26.1",
      "vue-loader": "^10.0.0",
      "vue-template-compiler": "^2.5.9",
      "webpack": "^3.8.1",
      "webpack-node-externals": "^1.6.0",
      "webpack-merge": "^1.1.2"
    }
  }

yarn manifest: 
  No manifest

Lockfile: 
  No lockfile

Trace: 
  SyntaxError: /Users/songjian/Code/el-search-table-pagination/package.json: Unexpected token } in JSON at position 1378
      at Object.parse (native)
      at /usr/local/lib/node_modules/yarn/lib/util/fs.js:554:57
      at next (native)
      at step (/usr/local/lib/node_modules/yarn/node_modules/babel-runtime/helpers/asyncToGenerator.js:17:30)
      at /usr/local/lib/node_modules/yarn/node_modules/babel-runtime/helpers/asyncToGenerator.js:28:13
